Build started 11/14/2013 6:02:54 PM.
     1>Project "F:\Code\Algorithms\SeamCarving\SeamCarving.vcxproj" on node 2 (build target(s)).
     1>InitializeBuildStatus:
         Creating "Debug\SeamCarving.unsuccessfulbuild" because "AlwaysCreate" was specified.
       ClCompile:
         c:\Program Files (x86)\Microsoft Visual Studio 10.0\VC\bin\CL.exe /c /ZI /nologo /W3 /WX- /Od /Oy- /D _MBCS /Gm /EHsc /RTC1 /MDd /GS /fp:precise /Zc:wchar_t /Zc:forScope /Fo"Debug\\" /Fd"Debug\vc100.pdb" /Gd /TP /analyze- /errorReport:prompt seam.cpp
         seam.cpp
     1>f:\code\algorithms\seamcarving\seam.cpp(60): warning C4996: 'fopen': This function or variable may be unsafe. Consider using fopen_s instead. To disable deprecation, use _CRT_SECURE_NO_WARNINGS. See online help for details.
                 c:\program files (x86)\microsoft visual studio 10.0\vc\include\stdio.h(234) : see declaration of 'fopen'
       Link:
         c:\Program Files (x86)\Microsoft Visual Studio 10.0\VC\bin\link.exe /ERRORREPORT:PROMPT /OUT:"F:\Code\Algorithms\SeamCarving\Debug\SeamCarving.exe" /NOLOGO kernel32.lib user32.lib gdi32.lib winspool.lib comdlg32.lib advapi32.lib shell32.lib ole32.lib oleaut32.lib uuid.lib odbc32.lib odbccp32.lib /MANIFEST /ManifestFile:"Debug\SeamCarving.exe.intermediate.manifest" /MANIFESTUAC:"level='asInvoker' uiAccess='false'" /DEBUG /PDB:"F:\Code\Algorithms\SeamCarving\Debug\SeamCarving.pdb" /TLBID:1 /DYNAMICBASE /NXCOMPAT /IMPLIB:"F:\Code\Algorithms\SeamCarving\Debug\SeamCarving.lib" /MACHINE:X86 Debug\seam.obj
         SeamCarving.vcxproj -> F:\Code\Algorithms\SeamCarving\Debug\SeamCarving.exe
       Manifest:
         C:\Program Files (x86)\Microsoft SDKs\Windows\v7.0A\bin\mt.exe /nologo /verbose /outputresource:"F:\Code\Algorithms\SeamCarving\Debug\SeamCarving.exe;#1" /manifest Debug\SeamCarving.exe.intermediate.manifest
       FinalizeBuildStatus:
         Deleting file "Debug\SeamCarving.unsuccessfulbuild".
         Touching "Debug\SeamCarving.lastbuildstate".
     1>Done Building Project "F:\Code\Algorithms\SeamCarving\SeamCarving.vcxproj" (build target(s)).

Build succeeded.

Time Elapsed 00:00:16.31
